2020-02-25 20:21:21,230 ERROR: Exception on /index [GET] [in /Library/Python/3.7/site-packages/flask/app.py:1891]
Traceback (most recent call last):
  File "/Library/Python/3.7/site-packages/flask/app.py", line 2446, in wsgi_app
    response = self.full_dispatch_request()
  File "/Library/Python/3.7/site-packages/flask/app.py", line 1951, in full_dispatch_request
    rv = self.handle_user_exception(e)
  File "/Library/Python/3.7/site-packages/flask/app.py", line 1820, in handle_user_exception
    reraise(exc_type, exc_value, tb)
  File "/Library/Python/3.7/site-packages/flask/_compat.py", line 39, in reraise
    raise value
  File "/Library/Python/3.7/site-packages/flask/app.py", line 1949, in full_dispatch_request
    rv = self.dispatch_request()
  File "/Library/Python/3.7/site-packages/flask/app.py", line 1935, in dispatch_request
    return self.view_functions[rule.endpoint](**req.view_args)
  File "/Library/Python/3.7/site-packages/flask_login/utils.py", line 261, in decorated_view
    return func(*args, **kwargs)
  File "/Users/normandieessig/Desktop/Thesis/Practice/app/main/routes.py", line 46, in index
    prev_url=prev_url)
  File "/Library/Python/3.7/site-packages/flask/templating.py", line 140, in render_template
    ctx.app,
  File "/Library/Python/3.7/site-packages/flask/templating.py", line 120, in _render
    rv = template.render(context)
  File "/Library/Python/3.7/site-packages/jinja2/environment.py", line 1090, in render
    self.environment.handle_exception()
  File "/Library/Python/3.7/site-packages/jinja2/environment.py", line 832, in handle_exception
    reraise(*rewrite_traceback_stack(source=source))
  File "/Library/Python/3.7/site-packages/jinja2/_compat.py", line 28, in reraise
    raise value.with_traceback(tb)
  File "/Users/normandieessig/Desktop/Thesis/Practice/app/templates/index.html", line 2, in top-level template code
    {% import 'bootstrap/wtf.html' as wtf %}
  File "/Users/normandieessig/Desktop/Thesis/Practice/app/templates/base.html", line 1, in top-level template code
    {% extends 'bootstrap/base.html' %}
  File "/Users/normandieessig/Library/Python/3.7/lib/python/site-packages/flask_bootstrap/templates/bootstrap/base.html", line 1, in top-level template code
    {% block doc -%}
  File "/Users/normandieessig/Library/Python/3.7/lib/python/site-packages/flask_bootstrap/templates/bootstrap/base.html", line 3, in block "doc"
    <html{% block html_attribs %}{% endblock html_attribs %}>
  File "/Users/normandieessig/Library/Python/3.7/lib/python/site-packages/flask_bootstrap/templates/bootstrap/base.html", line 11, in block "html"
    {%- endblock metas %}
  File "/Users/normandieessig/Library/Python/3.7/lib/python/site-packages/flask_bootstrap/templates/bootstrap/base.html", line 13, in block "body"
    {%- block styles %}
  File "/Users/normandieessig/Desktop/Thesis/Practice/app/templates/base.html", line 49, in block "content"
    {% block app_content %}{% endblock %}
  File "/Users/normandieessig/Desktop/Thesis/Practice/app/templates/index.html", line 11, in block "app_content"
    {% include '_post.html' %}
  File "/Users/normandieessig/Desktop/Thesis/Practice/app/templates/_post.html", line 4, in top-level template code
    <a href="{{ url_for('user', username=post.author.username) }}">
  File "/Library/Python/3.7/site-packages/flask/helpers.py", line 370, in url_for
    return appctx.app.handle_url_build_error(error, endpoint, values)
  File "/Library/Python/3.7/site-packages/flask/app.py", line 2215, in handle_url_build_error
    reraise(exc_type, exc_value, tb)
  File "/Library/Python/3.7/site-packages/flask/_compat.py", line 39, in reraise
    raise value
  File "/Library/Python/3.7/site-packages/flask/helpers.py", line 358, in url_for
    endpoint, values, method=method, force_external=external
  File "/Library/Python/3.7/site-packages/werkzeug/routing.py", line 2020, in build
    raise BuildError(endpoint, values, method, self)
werkzeug.routing.BuildError: Could not build url for endpoint 'user' with values ['username']. Did you mean 'main.user' instead?
2020-02-25 20:25:32,074 INFO: Microblog startup [in /Users/normandieessig/Desktop/Thesis/Practice/app/__init__.py:74]
2020-02-25 20:28:00,767 INFO: Microblog startup [in /Users/normandieessig/Desktop/Thesis/Practice/app/__init__.py:74]
2020-02-25 20:35:37,896 INFO: Microblog startup [in /Users/normandieessig/Desktop/Thesis/Practice/app/__init__.py:74]
2020-02-25 20:35:45,974 INFO: Microblog startup [in /Users/normandieessig/Desktop/Thesis/Practice/app/__init__.py:74]
2020-02-25 20:36:56,805 INFO: Microblog startup [in /Users/normandieessig/Desktop/Thesis/Practice/app/__init__.py:74]
2020-02-25 20:36:59,907 INFO: Microblog startup [in /Users/normandieessig/Desktop/Thesis/Practice/app/__init__.py:74]
2020-02-26 10:07:45,691 INFO: Microblog startup [in /Users/normandieessig/Desktop/Thesis/Practice/app/__init__.py:74]
2020-03-06 14:50:47,435 INFO: Microblog startup [in /Users/normandieessig/Desktop/Thesis/Practice/app/__init__.py:74]
2020-03-19 14:18:17,709 INFO: Microblog startup [in /Users/normandieessig/Desktop/Thesis/Practice/app/__init__.py:74]
2020-03-19 14:27:17,167 INFO: Microblog startup [in /Users/normandieessig/Desktop/Thesis/Practice/app/__init__.py:74]
2020-03-19 14:29:42,504 INFO: Microblog startup [in /Users/normandieessig/Desktop/Thesis/Practice/app/__init__.py:74]
2020-03-19 14:30:21,851 INFO: Microblog startup [in /Users/normandieessig/Desktop/Thesis/Practice/app/__init__.py:74]
2020-03-19 14:31:52,103 INFO: Microblog startup [in /Users/normandieessig/Desktop/Thesis/Practice/app/__init__.py:74]
2020-03-19 14:32:10,359 INFO: Microblog startup [in /Users/normandieessig/Desktop/Thesis/Practice/app/__init__.py:74]
2020-03-19 14:33:25,970 INFO: Microblog startup [in /Users/normandieessig/Desktop/Thesis/Practice/app/__init__.py:74]
2020-04-13 18:13:42,234 INFO: Microblog startup [in /Users/normandieessig/Desktop/Thesis/Connect21/app/__init__.py:74]
2020-04-13 18:14:32,494 INFO: Microblog startup [in /Users/normandieessig/Desktop/Thesis/Connect21/app/__init__.py:74]
2020-04-19 23:50:58,488 INFO: Connect21 startup [in /Users/normandieessig/Desktop/Thesis/Connect21/app/__init__.py:75]
2020-04-19 23:51:08,102 INFO: Connect21 startup [in /Users/normandieessig/Desktop/Thesis/Connect21/app/__init__.py:75]
2020-04-19 23:52:16,744 INFO: Connect21 startup [in /Users/normandieessig/Desktop/Thesis/Connect21/app/__init__.py:75]
2020-04-22 16:44:33,255 INFO: Connect21 startup [in /Users/normandieessig/Desktop/Thesis/Connect21/app/__init__.py:75]
